CRITICAL - 2022-03-10 16:08:25 --> Call to a member function paginate() on null
#0 C:\Users\e-vigil\Desktop\crudcodeigniter\system\CodeIgniter.php(832): App\Controllers\Libro->index()
#1 C:\Users\e-vigil\Desktop\crudcodeigniter\system\CodeIgniter.php(419): CodeIgniter\CodeIgniter->runController(Object(App\Controllers\Libro))
#2 C:\Users\e-vigil\Desktop\crudcodeigniter\system\CodeIgniter.php(326): CodeIgniter\CodeIgniter->handleRequest(NULL, Object(Config\Cache), false)
#3 C:\Users\e-vigil\Desktop\crudcodeigniter\public\index.php(37): CodeIgniter\CodeIgniter->run()
#4 C:\Users\e-vigil\Desktop\crudcodeigniter\system\Commands\Server\rewrite.php(43): require_once('C:\\Users\\e-vigi...')
#5 {main}
CRITICAL - 2022-03-10 16:09:06 --> Call to a member function paginate() on null
#0 C:\Users\e-vigil\Desktop\crudcodeigniter\system\CodeIgniter.php(832): App\Controllers\Libro->index()
#1 C:\Users\e-vigil\Desktop\crudcodeigniter\system\CodeIgniter.php(419): CodeIgniter\CodeIgniter->runController(Object(App\Controllers\Libro))
#2 C:\Users\e-vigil\Desktop\crudcodeigniter\system\CodeIgniter.php(326): CodeIgniter\CodeIgniter->handleRequest(NULL, Object(Config\Cache), false)
#3 C:\Users\e-vigil\Desktop\crudcodeigniter\public\index.php(37): CodeIgniter\CodeIgniter->run()
#4 C:\Users\e-vigil\Desktop\crudcodeigniter\system\Commands\Server\rewrite.php(43): require_once('C:\\Users\\e-vigi...')
#5 {main}
CRITICAL - 2022-03-10 16:09:12 --> Call to a member function paginate() on null
#0 C:\Users\e-vigil\Desktop\crudcodeigniter\system\CodeIgniter.php(832): App\Controllers\Libro->index()
#1 C:\Users\e-vigil\Desktop\crudcodeigniter\system\CodeIgniter.php(419): CodeIgniter\CodeIgniter->runController(Object(App\Controllers\Libro))
#2 C:\Users\e-vigil\Desktop\crudcodeigniter\system\CodeIgniter.php(326): CodeIgniter\CodeIgniter->handleRequest(NULL, Object(Config\Cache), false)
#3 C:\Users\e-vigil\Desktop\crudcodeigniter\public\index.php(37): CodeIgniter\CodeIgniter->run()
#4 C:\Users\e-vigil\Desktop\crudcodeigniter\system\Commands\Server\rewrite.php(43): require_once('C:\\Users\\e-vigi...')
#5 {main}
CRITICAL - 2022-03-10 17:03:39 --> Invalid file: layout/master.php
#0 C:\Users\e-vigil\Desktop\crudcodeigniter\system\View\View.php(198): CodeIgniter\Exceptions\FrameworkException::forInvalidFile('layout/master.p...')
#1 C:\Users\e-vigil\Desktop\crudcodeigniter\system\View\View.php(226): CodeIgniter\View\View->render('layout/master', Array, true)
#2 C:\Users\e-vigil\Desktop\crudcodeigniter\system\Common.php(1089): CodeIgniter\View\View->render('dashboard', Array, true)
#3 C:\Users\e-vigil\Desktop\crudcodeigniter\app\Controllers\Home.php(9): view('dashboard')
#4 C:\Users\e-vigil\Desktop\crudcodeigniter\system\CodeIgniter.php(832): App\Controllers\Home->index()
#5 C:\Users\e-vigil\Desktop\crudcodeigniter\system\CodeIgniter.php(419): CodeIgniter\CodeIgniter->runController(Object(App\Controllers\Home))
#6 C:\Users\e-vigil\Desktop\crudcodeigniter\system\CodeIgniter.php(326): CodeIgniter\CodeIgniter->handleRequest(NULL, Object(Config\Cache), false)
#7 C:\Users\e-vigil\Desktop\crudcodeigniter\public\index.php(37): CodeIgniter\CodeIgniter->run()
#8 C:\Users\e-vigil\Desktop\crudcodeigniter\system\Commands\Server\rewrite.php(43): require_once('C:\\Users\\e-vigi...')
#9 {main}
ERROR - 2022-03-10 18:47:59 --> Error connecting to the database: Unknown database 'dbproductos'
CRITICAL - 2022-03-10 18:47:59 --> Unable to connect to the database.
Main connection [MySQLi]: Unknown database 'dbproductos'
#0 C:\Users\e-vigil\Desktop\tarea\system\Database\BaseConnection.php(577): CodeIgniter\Database\BaseConnection->initialize()
#1 C:\Users\e-vigil\Desktop\tarea\system\Database\BaseBuilder.php(1539): CodeIgniter\Database\BaseConnection->query('SELECT COUNT(*)...', Array, false)
#2 C:\Users\e-vigil\Desktop\tarea\system\Model.php(509): CodeIgniter\Database\BaseBuilder->countAllResults(false)
#3 C:\Users\e-vigil\Desktop\tarea\system\BaseModel.php(1084): CodeIgniter\Model->countAllResults(false)
#4 C:\Users\e-vigil\Desktop\tarea\app\Controllers\Producto.php(31): CodeIgniter\BaseModel->paginate(10)
#5 C:\Users\e-vigil\Desktop\tarea\system\CodeIgniter.php(832): App\Controllers\Producto->index()
#6 C:\Users\e-vigil\Desktop\tarea\system\CodeIgniter.php(419): CodeIgniter\CodeIgniter->runController(Object(App\Controllers\Producto))
#7 C:\Users\e-vigil\Desktop\tarea\system\CodeIgniter.php(326): CodeIgniter\CodeIgniter->handleRequest(NULL, Object(Config\Cache), false)
#8 C:\Users\e-vigil\Desktop\tarea\public\index.php(37): CodeIgniter\CodeIgniter->run()
#9 C:\Users\e-vigil\Desktop\tarea\system\Commands\Server\rewrite.php(43): require_once('C:\\Users\\e-vigi...')
#10 {main}
CRITICAL - 2022-03-10 18:49:13 --> Undefined variable: libros
#0 C:\Users\e-vigil\Desktop\tarea\app\Views\productos\index.php(77): CodeIgniter\Debug\Exceptions->errorHandler(8, 'Undefined varia...', 'C:\\Users\\e-vigi...', 77, Array)
#1 C:\Users\e-vigil\Desktop\tarea\system\View\View.php(210): include('C:\\Users\\e-vigi...')
#2 C:\Users\e-vigil\Desktop\tarea\system\View\View.php(213): CodeIgniter\View\View->CodeIgniter\View\{closure}()
#3 C:\Users\e-vigil\Desktop\tarea\system\Common.php(1089): CodeIgniter\View\View->render('productos/index', Array, true)
#4 C:\Users\e-vigil\Desktop\tarea\app\Controllers\Producto.php(37): view('productos/index', Array)
#5 C:\Users\e-vigil\Desktop\tarea\system\CodeIgniter.php(832): App\Controllers\Producto->index()
#6 C:\Users\e-vigil\Desktop\tarea\system\CodeIgniter.php(419): CodeIgniter\CodeIgniter->runController(Object(App\Controllers\Producto))
#7 C:\Users\e-vigil\Desktop\tarea\system\CodeIgniter.php(326): CodeIgniter\CodeIgniter->handleRequest(NULL, Object(Config\Cache), false)
#8 C:\Users\e-vigil\Desktop\tarea\public\index.php(37): CodeIgniter\CodeIgniter->run()
#9 C:\Users\e-vigil\Desktop\tarea\system\Commands\Server\rewrite.php(43): require_once('C:\\Users\\e-vigi...')
#10 {main}
CRITICAL - 2022-03-10 18:50:34 --> Undefined variable: libros
#0 C:\Users\e-vigil\Desktop\tarea\app\Views\productos\index.php(78): CodeIgniter\Debug\Exceptions->errorHandler(8, 'Undefined varia...', 'C:\\Users\\e-vigi...', 78, Array)
#1 C:\Users\e-vigil\Desktop\tarea\system\View\View.php(210): include('C:\\Users\\e-vigi...')
#2 C:\Users\e-vigil\Desktop\tarea\system\View\View.php(213): CodeIgniter\View\View->CodeIgniter\View\{closure}()
#3 C:\Users\e-vigil\Desktop\tarea\system\Common.php(1089): CodeIgniter\View\View->render('productos/index', Array, true)
#4 C:\Users\e-vigil\Desktop\tarea\app\Controllers\Producto.php(37): view('productos/index', Array)
#5 C:\Users\e-vigil\Desktop\tarea\system\CodeIgniter.php(832): App\Controllers\Producto->index()
#6 C:\Users\e-vigil\Desktop\tarea\system\CodeIgniter.php(419): CodeIgniter\CodeIgniter->runController(Object(App\Controllers\Producto))
#7 C:\Users\e-vigil\Desktop\tarea\system\CodeIgniter.php(326): CodeIgniter\CodeIgniter->handleRequest(NULL, Object(Config\Cache), false)
#8 C:\Users\e-vigil\Desktop\tarea\public\index.php(37): CodeIgniter\CodeIgniter->run()
#9 C:\Users\e-vigil\Desktop\tarea\system\Commands\Server\rewrite.php(43): require_once('C:\\Users\\e-vigi...')
#10 {main}
ERROR - 2022-03-10 18:55:47 --> Unknown column 'titulo' in 'field list'
CRITICAL - 2022-03-10 18:55:47 --> Unknown column 'titulo' in 'field list'
#0 C:\Users\e-vigil\Desktop\tarea\system\Database\MySQLi\Connection.php(292): mysqli->query('SELECT `id`, `t...', 0)
#1 C:\Users\e-vigil\Desktop\tarea\system\Database\BaseConnection.php(670): CodeIgniter\Database\MySQLi\Connection->execute('SELECT `id`, `t...')
#2 C:\Users\e-vigil\Desktop\tarea\system\Database\BaseConnection.php(598): CodeIgniter\Database\BaseConnection->simpleQuery('SELECT `id`, `t...')
#3 C:\Users\e-vigil\Desktop\tarea\system\Database\BaseBuilder.php(1455): CodeIgniter\Database\BaseConnection->query('SELECT `id`, `t...', Array, false)
#4 C:\Users\e-vigil\Desktop\tarea\system\Model.php(183): CodeIgniter\Database\BaseBuilder->get()
#5 C:\Users\e-vigil\Desktop\tarea\system\BaseModel.php(584): CodeIgniter\Model->doFindAll(10, 0)
#6 C:\Users\e-vigil\Desktop\tarea\system\BaseModel.php(1088): CodeIgniter\BaseModel->findAll(10, 0)
#7 C:\Users\e-vigil\Desktop\tarea\app\Controllers\Producto.php(20): CodeIgniter\BaseModel->paginate(10)
#8 C:\Users\e-vigil\Desktop\tarea\system\CodeIgniter.php(832): App\Controllers\Producto->index()
#9 C:\Users\e-vigil\Desktop\tarea\system\CodeIgniter.php(419): CodeIgniter\CodeIgniter->runController(Object(App\Controllers\Producto))
#10 C:\Users\e-vigil\Desktop\tarea\system\CodeIgniter.php(326): CodeIgniter\CodeIgniter->handleRequest(NULL, Object(Config\Cache), false)
#11 C:\Users\e-vigil\Desktop\tarea\public\index.php(37): CodeIgniter\CodeIgniter->run()
#12 C:\Users\e-vigil\Desktop\tarea\system\Commands\Server\rewrite.php(43): require_once('C:\\Users\\e-vigi...')
#13 {main}
CRITICAL - 2022-03-10 18:59:43 --> Undefined variable: libro
#0 C:\Users\e-vigil\Desktop\tarea\app\Views\productos\editar.php(45): CodeIgniter\Debug\Exceptions->errorHandler(8, 'Undefined varia...', 'C:\\Users\\e-vigi...', 45, Array)
#1 C:\Users\e-vigil\Desktop\tarea\system\View\View.php(210): include('C:\\Users\\e-vigi...')
#2 C:\Users\e-vigil\Desktop\tarea\system\View\View.php(213): CodeIgniter\View\View->CodeIgniter\View\{closure}()
#3 C:\Users\e-vigil\Desktop\tarea\system\Common.php(1089): CodeIgniter\View\View->render('productos/edita...', Array, true)
#4 C:\Users\e-vigil\Desktop\tarea\app\Controllers\Producto.php(77): view('productos/edita...', Array)
#5 C:\Users\e-vigil\Desktop\tarea\system\CodeIgniter.php(832): App\Controllers\Producto->vistaEditar('499')
#6 C:\Users\e-vigil\Desktop\tarea\system\CodeIgniter.php(419): CodeIgniter\CodeIgniter->runController(Object(App\Controllers\Producto))
#7 C:\Users\e-vigil\Desktop\tarea\system\CodeIgniter.php(326): CodeIgniter\CodeIgniter->handleRequest(NULL, Object(Config\Cache), false)
#8 C:\Users\e-vigil\Desktop\tarea\public\index.php(37): CodeIgniter\CodeIgniter->run()
#9 C:\Users\e-vigil\Desktop\tarea\system\Commands\Server\rewrite.php(43): require_once('C:\\Users\\e-vigi...')
#10 {main}
CRITICAL - 2022-03-10 19:00:14 --> Undefined index: titulo
#0 C:\Users\e-vigil\Desktop\tarea\app\Views\productos\editar.php(49): CodeIgniter\Debug\Exceptions->errorHandler(8, 'Undefined index...', 'C:\\Users\\e-vigi...', 49, Array)
#1 C:\Users\e-vigil\Desktop\tarea\system\View\View.php(210): include('C:\\Users\\e-vigi...')
#2 C:\Users\e-vigil\Desktop\tarea\system\View\View.php(213): CodeIgniter\View\View->CodeIgniter\View\{closure}()
#3 C:\Users\e-vigil\Desktop\tarea\system\Common.php(1089): CodeIgniter\View\View->render('productos/edita...', Array, true)
#4 C:\Users\e-vigil\Desktop\tarea\app\Controllers\Producto.php(77): view('productos/edita...', Array)
#5 C:\Users\e-vigil\Desktop\tarea\system\CodeIgniter.php(832): App\Controllers\Producto->vistaEditar('499')
#6 C:\Users\e-vigil\Desktop\tarea\system\CodeIgniter.php(419): CodeIgniter\CodeIgniter->runController(Object(App\Controllers\Producto))
#7 C:\Users\e-vigil\Desktop\tarea\system\CodeIgniter.php(326): CodeIgniter\CodeIgniter->handleRequest(NULL, Object(Config\Cache), false)
#8 C:\Users\e-vigil\Desktop\tarea\public\index.php(37): CodeIgniter\CodeIgniter->run()
#9 C:\Users\e-vigil\Desktop\tarea\system\Commands\Server\rewrite.php(43): require_once('C:\\Users\\e-vigi...')
#10 {main}
CRITICAL - 2022-03-10 19:00:16 --> Undefined index: titulo
#0 C:\Users\e-vigil\Desktop\tarea\app\Views\productos\editar.php(49): CodeIgniter\Debug\Exceptions->errorHandler(8, 'Undefined index...', 'C:\\Users\\e-vigi...', 49, Array)
#1 C:\Users\e-vigil\Desktop\tarea\system\View\View.php(210): include('C:\\Users\\e-vigi...')
#2 C:\Users\e-vigil\Desktop\tarea\system\View\View.php(213): CodeIgniter\View\View->CodeIgniter\View\{closure}()
#3 C:\Users\e-vigil\Desktop\tarea\system\Common.php(1089): CodeIgniter\View\View->render('productos/edita...', Array, true)
#4 C:\Users\e-vigil\Desktop\tarea\app\Controllers\Producto.php(77): view('productos/edita...', Array)
#5 C:\Users\e-vigil\Desktop\tarea\system\CodeIgniter.php(832): App\Controllers\Producto->vistaEditar('499')
#6 C:\Users\e-vigil\Desktop\tarea\system\CodeIgniter.php(419): CodeIgniter\CodeIgniter->runController(Object(App\Controllers\Producto))
#7 C:\Users\e-vigil\Desktop\tarea\system\CodeIgniter.php(326): CodeIgniter\CodeIgniter->handleRequest(NULL, Object(Config\Cache), false)
#8 C:\Users\e-vigil\Desktop\tarea\public\index.php(37): CodeIgniter\CodeIgniter->run()
#9 C:\Users\e-vigil\Desktop\tarea\system\Commands\Server\rewrite.php(43): require_once('C:\\Users\\e-vigi...')
#10 {main}
CRITICAL - 2022-03-10 19:01:28 --> Undefined variable: producto
#0 C:\Users\e-vigil\Desktop\tarea\app\Views\productos\editar.php(45): CodeIgniter\Debug\Exceptions->errorHandler(8, 'Undefined varia...', 'C:\\Users\\e-vigi...', 45, Array)
#1 C:\Users\e-vigil\Desktop\tarea\system\View\View.php(210): include('C:\\Users\\e-vigi...')
#2 C:\Users\e-vigil\Desktop\tarea\system\View\View.php(213): CodeIgniter\View\View->CodeIgniter\View\{closure}()
#3 C:\Users\e-vigil\Desktop\tarea\system\Common.php(1089): CodeIgniter\View\View->render('productos/edita...', Array, true)
#4 C:\Users\e-vigil\Desktop\tarea\app\Controllers\Producto.php(100): view('productos/edita...', Array)
#5 C:\Users\e-vigil\Desktop\tarea\system\CodeIgniter.php(832): App\Controllers\Producto->editar('499')
#6 C:\Users\e-vigil\Desktop\tarea\system\CodeIgniter.php(419): CodeIgniter\CodeIgniter->runController(Object(App\Controllers\Producto))
#7 C:\Users\e-vigil\Desktop\tarea\system\CodeIgniter.php(326): CodeIgniter\CodeIgniter->handleRequest(NULL, Object(Config\Cache), false)
#8 C:\Users\e-vigil\Desktop\tarea\public\index.php(37): CodeIgniter\CodeIgniter->run()
#9 C:\Users\e-vigil\Desktop\tarea\system\Commands\Server\rewrite.php(43): require_once('C:\\Users\\e-vigi...')
#10 {main}
CRITICAL - 2022-03-10 19:02:04 --> Undefined variable: producto
#0 C:\Users\e-vigil\Desktop\tarea\app\Views\productos\editar.php(45): CodeIgniter\Debug\Exceptions->errorHandler(8, 'Undefined varia...', 'C:\\Users\\e-vigi...', 45, Array)
#1 C:\Users\e-vigil\Desktop\tarea\system\View\View.php(210): include('C:\\Users\\e-vigi...')
#2 C:\Users\e-vigil\Desktop\tarea\system\View\View.php(213): CodeIgniter\View\View->CodeIgniter\View\{closure}()
#3 C:\Users\e-vigil\Desktop\tarea\system\Common.php(1089): CodeIgniter\View\View->render('productos/edita...', Array, true)
#4 C:\Users\e-vigil\Desktop\tarea\app\Controllers\Producto.php(100): view('productos/edita...', Array)
#5 C:\Users\e-vigil\Desktop\tarea\system\CodeIgniter.php(832): App\Controllers\Producto->editar('499')
#6 C:\Users\e-vigil\Desktop\tarea\system\CodeIgniter.php(419): CodeIgniter\CodeIgniter->runController(Object(App\Controllers\Producto))
#7 C:\Users\e-vigil\Desktop\tarea\system\CodeIgniter.php(326): CodeIgniter\CodeIgniter->handleRequest(NULL, Object(Config\Cache), false)
#8 C:\Users\e-vigil\Desktop\tarea\public\index.php(37): CodeIgniter\CodeIgniter->run()
#9 C:\Users\e-vigil\Desktop\tarea\system\Commands\Server\rewrite.php(43): require_once('C:\\Users\\e-vigi...')
#10 {main}
CRITICAL - 2022-03-10 19:02:55 --> Undefined variable: producto
#0 C:\Users\e-vigil\Desktop\tarea\app\Views\productos\editar.php(45): CodeIgniter\Debug\Exceptions->errorHandler(8, 'Undefined varia...', 'C:\\Users\\e-vigi...', 45, Array)
#1 C:\Users\e-vigil\Desktop\tarea\system\View\View.php(210): include('C:\\Users\\e-vigi...')
#2 C:\Users\e-vigil\Desktop\tarea\system\View\View.php(213): CodeIgniter\View\View->CodeIgniter\View\{closure}()
#3 C:\Users\e-vigil\Desktop\tarea\system\Common.php(1089): CodeIgniter\View\View->render('productos/edita...', Array, true)
#4 C:\Users\e-vigil\Desktop\tarea\app\Controllers\Producto.php(100): view('productos/edita...', Array)
#5 C:\Users\e-vigil\Desktop\tarea\system\CodeIgniter.php(832): App\Controllers\Producto->editar('499')
#6 C:\Users\e-vigil\Desktop\tarea\system\CodeIgniter.php(419): CodeIgniter\CodeIgniter->runController(Object(App\Controllers\Producto))
#7 C:\Users\e-vigil\Desktop\tarea\system\CodeIgniter.php(326): CodeIgniter\CodeIgniter->handleRequest(NULL, Object(Config\Cache), false)
#8 C:\Users\e-vigil\Desktop\tarea\public\index.php(37): CodeIgniter\CodeIgniter->run()
#9 C:\Users\e-vigil\Desktop\tarea\system\Commands\Server\rewrite.php(43): require_once('C:\\Users\\e-vigi...')
#10 {main}
CRITICAL - 2022-03-10 19:04:14 --> Undefined variable: producto
#0 C:\Users\e-vigil\Desktop\tarea\app\Views\productos\editar.php(45): CodeIgniter\Debug\Exceptions->errorHandler(8, 'Undefined varia...', 'C:\\Users\\e-vigi...', 45, Array)
#1 C:\Users\e-vigil\Desktop\tarea\system\View\View.php(210): include('C:\\Users\\e-vigi...')
#2 C:\Users\e-vigil\Desktop\tarea\system\View\View.php(213): CodeIgniter\View\View->CodeIgniter\View\{closure}()
#3 C:\Users\e-vigil\Desktop\tarea\system\Common.php(1089): CodeIgniter\View\View->render('productos/edita...', Array, true)
#4 C:\Users\e-vigil\Desktop\tarea\app\Controllers\Producto.php(100): view('productos/edita...', Array)
#5 C:\Users\e-vigil\Desktop\tarea\system\CodeIgniter.php(832): App\Controllers\Producto->editar('499')
#6 C:\Users\e-vigil\Desktop\tarea\system\CodeIgniter.php(419): CodeIgniter\CodeIgniter->runController(Object(App\Controllers\Producto))
#7 C:\Users\e-vigil\Desktop\tarea\system\CodeIgniter.php(326): CodeIgniter\CodeIgniter->handleRequest(NULL, Object(Config\Cache), false)
#8 C:\Users\e-vigil\Desktop\tarea\public\index.php(37): CodeIgniter\CodeIgniter->run()
#9 C:\Users\e-vigil\Desktop\tarea\system\Commands\Server\rewrite.php(43): require_once('C:\\Users\\e-vigi...')
#10 {main}
CRITICAL - 2022-03-10 19:05:52 --> Undefined variable: producto
#0 C:\Users\e-vigil\Desktop\tarea\app\Views\productos\editar.php(45): CodeIgniter\Debug\Exceptions->errorHandler(8, 'Undefined varia...', 'C:\\Users\\e-vigi...', 45, Array)
#1 C:\Users\e-vigil\Desktop\tarea\system\View\View.php(210): include('C:\\Users\\e-vigi...')
#2 C:\Users\e-vigil\Desktop\tarea\system\View\View.php(213): CodeIgniter\View\View->CodeIgniter\View\{closure}()
#3 C:\Users\e-vigil\Desktop\tarea\system\Common.php(1089): CodeIgniter\View\View->render('productos/edita...', Array, true)
#4 C:\Users\e-vigil\Desktop\tarea\app\Controllers\Producto.php(101): view('productos/edita...', Array)
#5 C:\Users\e-vigil\Desktop\tarea\system\CodeIgniter.php(832): App\Controllers\Producto->editar('499')
#6 C:\Users\e-vigil\Desktop\tarea\system\CodeIgniter.php(419): CodeIgniter\CodeIgniter->runController(Object(App\Controllers\Producto))
#7 C:\Users\e-vigil\Desktop\tarea\system\CodeIgniter.php(326): CodeIgniter\CodeIgniter->handleRequest(NULL, Object(Config\Cache), false)
#8 C:\Users\e-vigil\Desktop\tarea\public\index.php(37): CodeIgniter\CodeIgniter->run()
#9 C:\Users\e-vigil\Desktop\tarea\system\Commands\Server\rewrite.php(43): require_once('C:\\Users\\e-vigi...')
#10 {main}
CRITICAL - 2022-03-10 19:06:31 --> Undefined variable: producto
#0 C:\Users\e-vigil\Desktop\tarea\app\Views\productos\editar.php(45): CodeIgniter\Debug\Exceptions->errorHandler(8, 'Undefined varia...', 'C:\\Users\\e-vigi...', 45, Array)
#1 C:\Users\e-vigil\Desktop\tarea\system\View\View.php(210): include('C:\\Users\\e-vigi...')
#2 C:\Users\e-vigil\Desktop\tarea\system\View\View.php(213): CodeIgniter\View\View->CodeIgniter\View\{closure}()
#3 C:\Users\e-vigil\Desktop\tarea\system\Common.php(1089): CodeIgniter\View\View->render('productos/edita...', Array, true)
#4 C:\Users\e-vigil\Desktop\tarea\app\Controllers\Producto.php(101): view('productos/edita...', Array)
#5 C:\Users\e-vigil\Desktop\tarea\system\CodeIgniter.php(832): App\Controllers\Producto->editar('499')
#6 C:\Users\e-vigil\Desktop\tarea\system\CodeIgniter.php(419): CodeIgniter\CodeIgniter->runController(Object(App\Controllers\Producto))
#7 C:\Users\e-vigil\Desktop\tarea\system\CodeIgniter.php(326): CodeIgniter\CodeIgniter->handleRequest(NULL, Object(Config\Cache), false)
#8 C:\Users\e-vigil\Desktop\tarea\public\index.php(37): CodeIgniter\CodeIgniter->run()
#9 C:\Users\e-vigil\Desktop\tarea\system\Commands\Server\rewrite.php(43): require_once('C:\\Users\\e-vigi...')
#10 {main}
