ERROR - 2022-03-09 20:51:56 --> Error connecting to the database: No connection could be made because the target machine actively refused it.

CRITICAL - 2022-03-09 20:51:56 --> Unable to connect to the database.
Main connection [MySQLi]: No connection could be made because the target machine actively refused it.

#0 C:\Users\e-vigil\Desktop\crudcodeigniter\system\Database\BaseConnection.php(577): CodeIgniter\Database\BaseConnection->initialize()
#1 C:\Users\e-vigil\Desktop\crudcodeigniter\system\Database\BaseBuilder.php(1539): CodeIgniter\Database\BaseConnection->query('SELECT COUNT(*)...', Array, false)
#2 C:\Users\e-vigil\Desktop\crudcodeigniter\system\Model.php(509): CodeIgniter\Database\BaseBuilder->countAllResults(false)
#3 C:\Users\e-vigil\Desktop\crudcodeigniter\system\BaseModel.php(1084): CodeIgniter\Model->countAllResults(false)
#4 C:\Users\e-vigil\Desktop\crudcodeigniter\app\Controllers\Cliente.php(13): CodeIgniter\BaseModel->paginate()
#5 C:\Users\e-vigil\Desktop\crudcodeigniter\system\CodeIgniter.php(832): App\Controllers\Cliente->index()
#6 C:\Users\e-vigil\Desktop\crudcodeigniter\system\CodeIgniter.php(419): CodeIgniter\CodeIgniter->runController(Object(App\Controllers\Cliente))
#7 C:\Users\e-vigil\Desktop\crudcodeigniter\system\CodeIgniter.php(326): CodeIgniter\CodeIgniter->handleRequest(NULL, Object(Config\Cache), false)
#8 C:\Users\e-vigil\Desktop\crudcodeigniter\public\index.php(37): CodeIgniter\CodeIgniter->run()
#9 C:\Users\e-vigil\Desktop\crudcodeigniter\system\Commands\Server\rewrite.php(43): require_once('C:\\Users\\e-vigi...')
#10 {main}
ERROR - 2022-03-09 20:52:50 --> Error connecting to the database: No connection could be made because the target machine actively refused it.

CRITICAL - 2022-03-09 20:52:50 --> Unable to connect to the database.
Main connection [MySQLi]: No connection could be made because the target machine actively refused it.

#0 C:\Users\e-vigil\Desktop\crudcodeigniter\system\Database\BaseConnection.php(577): CodeIgniter\Database\BaseConnection->initialize()
#1 C:\Users\e-vigil\Desktop\crudcodeigniter\system\Database\BaseBuilder.php(1539): CodeIgniter\Database\BaseConnection->query('SELECT COUNT(*)...', Array, false)
#2 C:\Users\e-vigil\Desktop\crudcodeigniter\system\Model.php(509): CodeIgniter\Database\BaseBuilder->countAllResults(false)
#3 C:\Users\e-vigil\Desktop\crudcodeigniter\system\BaseModel.php(1084): CodeIgniter\Model->countAllResults(false)
#4 C:\Users\e-vigil\Desktop\crudcodeigniter\app\Controllers\Cliente.php(13): CodeIgniter\BaseModel->paginate()
#5 C:\Users\e-vigil\Desktop\crudcodeigniter\system\CodeIgniter.php(832): App\Controllers\Cliente->index()
#6 C:\Users\e-vigil\Desktop\crudcodeigniter\system\CodeIgniter.php(419): CodeIgniter\CodeIgniter->runController(Object(App\Controllers\Cliente))
#7 C:\Users\e-vigil\Desktop\crudcodeigniter\system\CodeIgniter.php(326): CodeIgniter\CodeIgniter->handleRequest(NULL, Object(Config\Cache), false)
#8 C:\Users\e-vigil\Desktop\crudcodeigniter\public\index.php(37): CodeIgniter\CodeIgniter->run()
#9 C:\Users\e-vigil\Desktop\crudcodeigniter\system\Commands\Server\rewrite.php(43): require_once('C:\\Users\\e-vigi...')
#10 {main}
CRITICAL - 2022-03-09 21:13:57 --> Undefined variable: pager
#0 C:\Users\e-vigil\Desktop\crudcodeigniter\app\Views\clientes\index.php(76): CodeIgniter\Debug\Exceptions->errorHandler(8, 'Undefined varia...', 'C:\\Users\\e-vigi...', 76, Array)
#1 C:\Users\e-vigil\Desktop\crudcodeigniter\system\View\View.php(210): include('C:\\Users\\e-vigi...')
#2 C:\Users\e-vigil\Desktop\crudcodeigniter\system\View\View.php(213): CodeIgniter\View\View->CodeIgniter\View\{closure}()
#3 C:\Users\e-vigil\Desktop\crudcodeigniter\system\Common.php(1089): CodeIgniter\View\View->render('clientes/index', Array, true)
#4 C:\Users\e-vigil\Desktop\crudcodeigniter\app\Controllers\Cliente.php(19): view('clientes/index', Array)
#5 C:\Users\e-vigil\Desktop\crudcodeigniter\system\CodeIgniter.php(832): App\Controllers\Cliente->index()
#6 C:\Users\e-vigil\Desktop\crudcodeigniter\system\CodeIgniter.php(419): CodeIgniter\CodeIgniter->runController(Object(App\Controllers\Cliente))
#7 C:\Users\e-vigil\Desktop\crudcodeigniter\system\CodeIgniter.php(326): CodeIgniter\CodeIgniter->handleRequest(NULL, Object(Config\Cache), false)
#8 C:\Users\e-vigil\Desktop\crudcodeigniter\public\index.php(37): CodeIgniter\CodeIgniter->run()
#9 C:\Users\e-vigil\Desktop\crudcodeigniter\system\Commands\Server\rewrite.php(43): require_once('C:\\Users\\e-vigi...')
#10 {main}
CRITICAL - 2022-03-09 21:19:45 --> Invalid file: Views\layout\paginador.php
#0 C:\Users\e-vigil\Desktop\crudcodeigniter\system\View\View.php(198): CodeIgniter\Exceptions\FrameworkException::forInvalidFile('Views\\layout\\pa...')
#1 C:\Users\e-vigil\Desktop\crudcodeigniter\system\Pager\Pager.php(125): CodeIgniter\View\View->render('Views\\layout\\pa...')
#2 C:\Users\e-vigil\Desktop\crudcodeigniter\system\Pager\Pager.php(83): CodeIgniter\Pager\Pager->displayLinks('default', 'paginador_perso...')
#3 C:\Users\e-vigil\Desktop\crudcodeigniter\app\Views\clientes\index.php(76): CodeIgniter\Pager\Pager->links('default', 'paginador_perso...')
#4 C:\Users\e-vigil\Desktop\crudcodeigniter\system\View\View.php(210): include('C:\\Users\\e-vigi...')
#5 C:\Users\e-vigil\Desktop\crudcodeigniter\system\View\View.php(213): CodeIgniter\View\View->CodeIgniter\View\{closure}()
#6 C:\Users\e-vigil\Desktop\crudcodeigniter\system\Common.php(1089): CodeIgniter\View\View->render('clientes/index', Array, true)
#7 C:\Users\e-vigil\Desktop\crudcodeigniter\app\Controllers\Cliente.php(20): view('clientes/index', Array)
#8 C:\Users\e-vigil\Desktop\crudcodeigniter\system\CodeIgniter.php(832): App\Controllers\Cliente->index()
#9 C:\Users\e-vigil\Desktop\crudcodeigniter\system\CodeIgniter.php(419): CodeIgniter\CodeIgniter->runController(Object(App\Controllers\Cliente))
#10 C:\Users\e-vigil\Desktop\crudcodeigniter\system\CodeIgniter.php(326): CodeIgniter\CodeIgniter->handleRequest(NULL, Object(Config\Cache), false)
#11 C:\Users\e-vigil\Desktop\crudcodeigniter\public\index.php(37): CodeIgniter\CodeIgniter->run()
#12 C:\Users\e-vigil\Desktop\crudcodeigniter\system\Commands\Server\rewrite.php(43): require_once('C:\\Users\\e-vigi...')
#13 {main}
CRITICAL - 2022-03-09 21:19:50 --> Invalid file: Views\layout\paginador.php
#0 C:\Users\e-vigil\Desktop\crudcodeigniter\system\View\View.php(198): CodeIgniter\Exceptions\FrameworkException::forInvalidFile('Views\\layout\\pa...')
#1 C:\Users\e-vigil\Desktop\crudcodeigniter\system\Pager\Pager.php(125): CodeIgniter\View\View->render('Views\\layout\\pa...')
#2 C:\Users\e-vigil\Desktop\crudcodeigniter\system\Pager\Pager.php(83): CodeIgniter\Pager\Pager->displayLinks('default', 'paginador_perso...')
#3 C:\Users\e-vigil\Desktop\crudcodeigniter\app\Views\clientes\index.php(76): CodeIgniter\Pager\Pager->links('default', 'paginador_perso...')
#4 C:\Users\e-vigil\Desktop\crudcodeigniter\system\View\View.php(210): include('C:\\Users\\e-vigi...')
#5 C:\Users\e-vigil\Desktop\crudcodeigniter\system\View\View.php(213): CodeIgniter\View\View->CodeIgniter\View\{closure}()
#6 C:\Users\e-vigil\Desktop\crudcodeigniter\system\Common.php(1089): CodeIgniter\View\View->render('clientes/index', Array, true)
#7 C:\Users\e-vigil\Desktop\crudcodeigniter\app\Controllers\Cliente.php(20): view('clientes/index', Array)
#8 C:\Users\e-vigil\Desktop\crudcodeigniter\system\CodeIgniter.php(832): App\Controllers\Cliente->index()
#9 C:\Users\e-vigil\Desktop\crudcodeigniter\system\CodeIgniter.php(419): CodeIgniter\CodeIgniter->runController(Object(App\Controllers\Cliente))
#10 C:\Users\e-vigil\Desktop\crudcodeigniter\system\CodeIgniter.php(326): CodeIgniter\CodeIgniter->handleRequest(NULL, Object(Config\Cache), false)
#11 C:\Users\e-vigil\Desktop\crudcodeigniter\public\index.php(37): CodeIgniter\CodeIgniter->run()
#12 C:\Users\e-vigil\Desktop\crudcodeigniter\system\Commands\Server\rewrite.php(43): require_once('C:\\Users\\e-vigi...')
#13 {main}
CRITICAL - 2022-03-09 21:31:25 --> Undefined variable: clientes
#0 C:\Users\e-vigil\Desktop\crudcodeigniter\app\Views\clientes\agregar.php(48): CodeIgniter\Debug\Exceptions->errorHandler(8, 'Undefined varia...', 'C:\\Users\\e-vigi...', 48, Array)
#1 C:\Users\e-vigil\Desktop\crudcodeigniter\system\View\View.php(210): include('C:\\Users\\e-vigi...')
#2 C:\Users\e-vigil\Desktop\crudcodeigniter\system\View\View.php(213): CodeIgniter\View\View->CodeIgniter\View\{closure}()
#3 C:\Users\e-vigil\Desktop\crudcodeigniter\system\Common.php(1089): CodeIgniter\View\View->render('clientes/agrega...', Array, true)
#4 C:\Users\e-vigil\Desktop\crudcodeigniter\app\Controllers\Cliente.php(24): view('clientes/agrega...')
#5 C:\Users\e-vigil\Desktop\crudcodeigniter\system\CodeIgniter.php(832): App\Controllers\Cliente->mostrarVistaAgregar()
#6 C:\Users\e-vigil\Desktop\crudcodeigniter\system\CodeIgniter.php(419): CodeIgniter\CodeIgniter->runController(Object(App\Controllers\Cliente))
#7 C:\Users\e-vigil\Desktop\crudcodeigniter\system\CodeIgniter.php(326): CodeIgniter\CodeIgniter->handleRequest(NULL, Object(Config\Cache), false)
#8 C:\Users\e-vigil\Desktop\crudcodeigniter\public\index.php(37): CodeIgniter\CodeIgniter->run()
#9 C:\Users\e-vigil\Desktop\crudcodeigniter\system\Commands\Server\rewrite.php(43): require_once('C:\\Users\\e-vigi...')
#10 {main}
